build/app/intermediates/manifest_merge_blame_file/release/manifest-merger-blame-release-report.txt
1<?xml version="1.0" encoding="utf-8"?>
2<manifest xmlns:android="http://schemas.android.com/apk/res/android"
3    package="com.example.obaratao"
4    android:versionCode="1"
5    android:versionName="1.0.0" >
6
7    <uses-sdk
8        android:minSdkVersion="16"
8-->src\main\AndroidManifest.xml
9        android:targetSdkVersion="29" />
9-->src\main\AndroidManifest.xml
10
11    <uses-permission android:name="android.permission.INTERNET" />
11-->src\main\AndroidManifest.xml:4:5-66
11-->src\main\AndroidManifest.xml:4:22-64
12    <uses-permission android:name="android.permission.READ_EXTERNAL_STORAGE" />
12-->src\main\AndroidManifest.xml:5:5-80
12-->src\main\AndroidManifest.xml:5:22-77
13    <uses-permission android:name="android.permission.WRITE_EXTERNAL_STORAGE" />
13-->src\main\AndroidManifest.xml:6:5-81
13-->src\main\AndroidManifest.xml:6:22-78
14    <uses-permission android:name="android.permission.CAMERA" />
14-->src\main\AndroidManifest.xml:7:5-65
14-->src\main\AndroidManifest.xml:7:22-62
15
16    <uses-feature android:name="android.hardware.camera" />
16-->src\main\AndroidManifest.xml:8:5-60
16-->src\main\AndroidManifest.xml:8:19-57
17    <uses-feature android:name="android.hardware.camera.autofocus" />
17-->src\main\AndroidManifest.xml:9:5-70
17-->src\main\AndroidManifest.xml:9:19-67
18    <!-- Although the *SdkVersion is captured in gradle build files, this is required for non gradle builds -->
19    <!-- <uses-sdk android:minSdkVersion="14" /> -->
20    <uses-permission android:name="android.permission.ACCESS_NETWORK_STATE" />
20-->[com.google.firebase:firebase-firestore:21.3.0] AndroidManifest.xml:13:5-79
20-->[com.google.firebase:firebase-firestore:21.3.0] AndroidManifest.xml:13:22-76
21
22    <uses-feature
22-->[com.google.android.gms:play-services-maps:17.0.0] AndroidManifest.xml:26:5-28:35
23        android:glEsVersion="0x00020000"
23-->[com.google.android.gms:play-services-maps:17.0.0] AndroidManifest.xml:27:9-41
24        android:required="true" />
24-->[com.google.android.gms:play-services-maps:17.0.0] AndroidManifest.xml:28:9-32
25    <!--
26 io.flutter.app.FlutterApplication is an android.app.Application that
27         calls FlutterMain.startInitialization(this); in its onCreate method.
28         In most cases you can leave this as-is, but you if you want to provide
29         additional functionality it is fine to subclass or reimplement
30         FlutterApplication and put your custom class here.
31    -->
32    <application
32-->src\main\AndroidManifest.xml:16:5-58:19
33        android:name="io.flutter.app.FlutterApplication"
33-->src\main\AndroidManifest.xml:17:9-57
34        android:appComponentFactory="androidx.core.app.CoreComponentFactory"
34-->[androidx.core:core:1.1.0] AndroidManifest.xml:24:18-86
35        android:icon="@mipmap/ic_launcher"
35-->src\main\AndroidManifest.xml:19:9-43
36        android:label="Baratão\n Pedidos" >
36-->src\main\AndroidManifest.xml:18:9-42
37        <activity
37-->src\main\AndroidManifest.xml:20:9-48:20
38            android:name="com.example.obaratao.MainActivity"
38-->src\main\AndroidManifest.xml:21:13-41
39            android:configChanges="orientation|keyboardHidden|keyboard|screenSize|smallestScreenSize|locale|layoutDirection|fontScale|screenLayout|density|uiMode"
39-->src\main\AndroidManifest.xml:24:13-163
40            android:hardwareAccelerated="true"
40-->src\main\AndroidManifest.xml:25:13-47
41            android:launchMode="singleTop"
41-->src\main\AndroidManifest.xml:22:13-43
42            android:theme="@style/LaunchTheme"
42-->src\main\AndroidManifest.xml:23:13-47
43            android:windowSoftInputMode="adjustResize" >
43-->src\main\AndroidManifest.xml:26:13-55
44
45            <!--
46                 Specifies an Android theme to apply to this Activity as soon as
47                 the Android process has started. This theme is visible to the user
48                 while the Flutter UI initializes. After that, this theme continues
49                 to determine the Window background behind the Flutter UI.
50            -->
51            <meta-data
51-->src\main\AndroidManifest.xml:31:13-34:17
52                android:name="io.flutter.embedding.android.NormalTheme"
52-->src\main\AndroidManifest.xml:32:15-70
53                android:resource="@style/NormalTheme" />
53-->src\main\AndroidManifest.xml:33:15-52
54            <!--
55                 Displays an Android View that continues showing the launch screen
56                 Drawable until Flutter paints its first frame, then this splash
57                 screen fades out. A splash screen is useful to avoid any visual
58                 gap between the end of Android's launch screen and the painting of
59                 Flutter's first frame.
60            -->
61            <meta-data
61-->src\main\AndroidManifest.xml:40:13-43:17
62                android:name="io.flutter.embedding.android.SplashScreenDrawable"
62-->src\main\AndroidManifest.xml:41:15-79
63                android:resource="@drawable/launch_background" />
63-->src\main\AndroidManifest.xml:42:15-61
64
65            <intent-filter>
65-->src\main\AndroidManifest.xml:44:13-47:29
66                <action android:name="android.intent.action.MAIN" />
66-->src\main\AndroidManifest.xml:45:17-68
66-->src\main\AndroidManifest.xml:45:25-66
67
68                <category android:name="android.intent.category.LAUNCHER" />
68-->src\main\AndroidManifest.xml:46:17-76
68-->src\main\AndroidManifest.xml:46:27-74
69            </intent-filter>
70        </activity>
71        <activity
71-->src\main\AndroidManifest.xml:49:9-52:73
72            android:name="com.yalantis.ucrop.UCropActivity"
72-->src\main\AndroidManifest.xml:50:15-62
73            android:screenOrientation="portrait"
73-->src\main\AndroidManifest.xml:51:15-51
74            android:theme="@style/Theme.AppCompat.Light.NoActionBar" />
74-->src\main\AndroidManifest.xml:52:15-71
75        <!--
76             Don't delete the meta-data below.
77             This is used by the Flutter tool to generate GeneratedPluginRegistrant.java
78        -->
79        <meta-data
79-->src\main\AndroidManifest.xml:55:9-57:33
80            android:name="flutterEmbedding"
80-->src\main\AndroidManifest.xml:56:13-44
81            android:value="2" />
81-->src\main\AndroidManifest.xml:57:13-30
82
83        <service
83-->[:firebase_storage] AndroidManifest.xml:8:9-12:19
84            android:name="com.google.firebase.components.ComponentDiscoveryService"
84-->[:firebase_storage] AndroidManifest.xml:8:18-89
85            android:directBootAware="true"
85-->[com.google.firebase:firebase-common:19.3.0] AndroidManifest.xml:34:13-43
86            android:exported="false" >
86-->[com.google.firebase:firebase-firestore:21.3.0] AndroidManifest.xml:19:13-37
87            <meta-data
87-->[:firebase_storage] AndroidManifest.xml:9:13-11:85
88                android:name="com.google.firebase.components:io.flutter.plugins.firebase.storage.FlutterFirebaseAppRegistrar"
88-->[:firebase_storage] AndroidManifest.xml:10:17-126
89                android:value="com.google.firebase.components.ComponentRegistrar" />
89-->[:firebase_storage] AndroidManifest.xml:11:17-82
90            <meta-data
90-->[:cloud_firestore] AndroidManifest.xml:9:13-11:85
91                android:name="com.google.firebase.components:io.flutter.plugins.firebase.cloudfirestore.FlutterFirebaseAppRegistrar"
91-->[:cloud_firestore] AndroidManifest.xml:10:17-133
92                android:value="com.google.firebase.components.ComponentRegistrar" />
92-->[:cloud_firestore] AndroidManifest.xml:11:17-82
93            <meta-data
93-->[:firebase_auth] AndroidManifest.xml:9:13-11:85
94                android:name="com.google.firebase.components:io.flutter.plugins.firebaseauth.FlutterFirebaseAppRegistrar"
94-->[:firebase_auth] AndroidManifest.xml:10:17-122
95                android:value="com.google.firebase.components.ComponentRegistrar" />
95-->[:firebase_auth] AndroidManifest.xml:11:17-82
96            <meta-data
96-->[:firebase_core] AndroidManifest.xml:9:13-11:85
97                android:name="com.google.firebase.components:io.flutter.plugins.firebase.core.FlutterFirebaseAppRegistrar"
97-->[:firebase_core] AndroidManifest.xml:10:17-123
98                android:value="com.google.firebase.components.ComponentRegistrar" />
98-->[:firebase_core] AndroidManifest.xml:11:17-82
99            <meta-data
99-->[com.google.firebase:firebase-firestore:21.3.0] AndroidManifest.xml:20:13-22:85
100                android:name="com.google.firebase.components:com.google.firebase.firestore.FirestoreRegistrar"
100-->[com.google.firebase:firebase-firestore:21.3.0] AndroidManifest.xml:21:17-111
101                android:value="com.google.firebase.components.ComponentRegistrar" />
101-->[com.google.firebase:firebase-firestore:21.3.0] AndroidManifest.xml:22:17-82
102            <meta-data
102-->[com.google.firebase:firebase-storage:17.0.0] AndroidManifest.xml:31:13-33:85
103                android:name="com.google.firebase.components:com.google.firebase.storage.StorageRegistrar"
103-->[com.google.firebase:firebase-storage:17.0.0] AndroidManifest.xml:32:17-107
104                android:value="com.google.firebase.components.ComponentRegistrar" />
104-->[com.google.firebase:firebase-storage:17.0.0] AndroidManifest.xml:33:17-82
105            <meta-data
105-->[com.google.firebase:firebase-auth:17.0.0] AndroidManifest.xml:36:13-38:85
106                android:name="com.google.firebase.components:com.google.firebase.auth.FirebaseAuthRegistrar"
106-->[com.google.firebase:firebase-auth:17.0.0] AndroidManifest.xml:37:17-109
107                android:value="com.google.firebase.components.ComponentRegistrar" />
107-->[com.google.firebase:firebase-auth:17.0.0] AndroidManifest.xml:38:17-82
108        </service>
109
110        <provider
110-->[:image_picker] AndroidManifest.xml:11:9-19:20
111            android:name="io.flutter.plugins.imagepicker.ImagePickerFileProvider"
111-->[:image_picker] AndroidManifest.xml:12:13-82
112            android:authorities="com.example.obaratao.flutter.image_provider"
112-->[:image_picker] AndroidManifest.xml:13:13-74
113            android:exported="false"
113-->[:image_picker] AndroidManifest.xml:14:13-37
114            android:grantUriPermissions="true" >
114-->[:image_picker] AndroidManifest.xml:15:13-47
115            <meta-data
115-->[:image_picker] AndroidManifest.xml:16:13-18:75
116                android:name="android.support.FILE_PROVIDER_PATHS"
116-->[:image_picker] AndroidManifest.xml:17:17-67
117                android:resource="@xml/flutter_image_picker_file_paths" />
117-->[:image_picker] AndroidManifest.xml:18:17-72
118        </provider>
119
120        <activity
120-->[com.google.android.gms:play-services-auth:16.0.1] AndroidManifest.xml:23:9-27:75
121            android:name="com.google.android.gms.auth.api.signin.internal.SignInHubActivity"
121-->[com.google.android.gms:play-services-auth:16.0.1] AndroidManifest.xml:24:13-93
122            android:excludeFromRecents="true"
122-->[com.google.android.gms:play-services-auth:16.0.1] AndroidManifest.xml:25:13-46
123            android:exported="false"
123-->[com.google.android.gms:play-services-auth:16.0.1] AndroidManifest.xml:26:13-37
124            android:theme="@android:style/Theme.Translucent.NoTitleBar" />
124-->[com.google.android.gms:play-services-auth:16.0.1] AndroidManifest.xml:27:13-72
125        <!--
126            Service handling Google Sign-In user revocation. For apps that do not integrate with
127            Google Sign-In, this service will never be started.
128        -->
129        <service
129-->[com.google.android.gms:play-services-auth:16.0.1] AndroidManifest.xml:33:9-36:110
130            android:name="com.google.android.gms.auth.api.signin.RevocationBoundService"
130-->[com.google.android.gms:play-services-auth:16.0.1] AndroidManifest.xml:34:13-89
131            android:exported="true"
131-->[com.google.android.gms:play-services-auth:16.0.1] AndroidManifest.xml:35:13-36
132            android:permission="com.google.android.gms.auth.api.signin.permission.REVOCATION_NOTIFICATION" />
132-->[com.google.android.gms:play-services-auth:16.0.1] AndroidManifest.xml:36:13-107
133
134        <activity
134-->[com.google.firebase:firebase-auth:17.0.0] AndroidManifest.xml:24:9-31:50
135            android:name="com.google.firebase.auth.internal.FederatedSignInActivity"
135-->[com.google.firebase:firebase-auth:17.0.0] AndroidManifest.xml:25:13-85
136            android:excludeFromRecents="true"
136-->[com.google.firebase:firebase-auth:17.0.0] AndroidManifest.xml:26:13-46
137            android:exported="true"
137-->[com.google.firebase:firebase-auth:17.0.0] AndroidManifest.xml:27:13-36
138            android:launchMode="singleTask"
138-->[com.google.firebase:firebase-auth:17.0.0] AndroidManifest.xml:28:13-44
139            android:permission="com.google.firebase.auth.api.gms.permission.LAUNCH_FEDERATED_SIGN_IN"
139-->[com.google.firebase:firebase-auth:17.0.0] AndroidManifest.xml:29:13-102
140            android:theme="@android:style/Theme.Translucent.NoTitleBar" />
140-->[com.google.firebase:firebase-auth:17.0.0] AndroidManifest.xml:30:13-72
141
142        <provider
142-->[com.google.firebase:firebase-common:19.3.0] AndroidManifest.xml:26:9-30:39
143            android:name="com.google.firebase.provider.FirebaseInitProvider"
143-->[com.google.firebase:firebase-common:19.3.0] AndroidManifest.xml:27:13-77
144            android:authorities="com.example.obaratao.firebaseinitprovider"
144-->[com.google.firebase:firebase-common:19.3.0] AndroidManifest.xml:28:13-72
145            android:exported="false"
145-->[com.google.firebase:firebase-common:19.3.0] AndroidManifest.xml:29:13-37
146            android:initOrder="100" /> <!-- Needs to be explicitly declared on P+ -->
146-->[com.google.firebase:firebase-common:19.3.0] AndroidManifest.xml:30:13-36
147        <uses-library
147-->[com.google.android.gms:play-services-maps:17.0.0] AndroidManifest.xml:33:9-35:40
148            android:name="org.apache.http.legacy"
148-->[com.google.android.gms:play-services-maps:17.0.0] AndroidManifest.xml:34:13-50
149            android:required="false" />
149-->[com.google.android.gms:play-services-maps:17.0.0] AndroidManifest.xml:35:13-37
150
151        <activity
151-->[com.google.android.gms:play-services-base:17.0.0] AndroidManifest.xml:23:9-26:75
152            android:name="com.google.android.gms.common.api.GoogleApiActivity"
152-->[com.google.android.gms:play-services-base:17.0.0] AndroidManifest.xml:24:13-79
153            android:exported="false"
153-->[com.google.android.gms:play-services-base:17.0.0] AndroidManifest.xml:25:13-37
154            android:theme="@android:style/Theme.Translucent.NoTitleBar" />
154-->[com.google.android.gms:play-services-base:17.0.0] AndroidManifest.xml:26:13-72
155
156        <meta-data
156-->[com.google.android.gms:play-services-basement:17.0.0] AndroidManifest.xml:23:9-25:69
157            android:name="com.google.android.gms.version"
157-->[com.google.android.gms:play-services-basement:17.0.0] AndroidManifest.xml:24:13-58
158            android:value="@integer/google_play_services_version" />
158-->[com.google.android.gms:play-services-basement:17.0.0] AndroidManifest.xml:25:13-66
159    </application>
160
161</manifest>